<?xml version="1.0" encoding="UTF-8"?>
<testsuite name="com.bridgelabz.UserRegistrationTest" tests="1" skipped="0" failures="0" errors="0" timestamp="2021-07-29T08:43:05" hostname="DESKTOP-1A5CKOQ" time="0.007">
  <properties/>
  <testcase name="givenLastName_WhenStartingNotCapital_ShouldReturnFalse" classname="com.bridgelabz.UserRegistrationTest" time="0.007"/>
  <system-out><![CDATA[]]></system-out>
  <system-err><![CDATA[]]></system-err>
</testsuite>
