<?xml version="1.0" encoding="UTF-8"?>
<testsuite name="com.bridgelabz.UserRegistrationTest" tests="12" skipped="0" failures="0" errors="0" timestamp="2021-07-29T13:38:35" hostname="DESKTOP-1A5CKOQ" time="0.017">
  <properties/>
  <testcase name="givenFirstName_whenValid_thenReturnTrue" classname="com.bridgelabz.UserRegistrationTest" time="0.006"/>
  <testcase name="givenPhoneNumber_WhenValid_ShouldReturnTrue" classname="com.bridgelabz.UserRegistrationTest" time="0.0"/>
  <testcase name="givenMail_WithoutName_ShouldReturnFalse" classname="com.bridgelabz.UserRegistrationTest" time="0.003"/>
  <testcase name="givenEmailId_WhenValid_ShouldReturnTrue" classname="com.bridgelabz.UserRegistrationTest" time="0.0"/>
  <testcase name="givenFirstName_WhenLessThanThreeChars_ShouldReturnFalse" classname="com.bridgelabz.UserRegistrationTest" time="0.0"/>
  <testcase name="givenLastName_WhenStartingNotCapital_ShouldReturnFalse" classname="com.bridgelabz.UserRegistrationTest" time="0.001"/>
  <testcase name="givenMobileNumber_WhenNoSpaceAfter1stCode_ShouldReturnFalse" classname="com.bridgelabz.UserRegistrationTest" time="0.0"/>
  <testcase name="givenFirstName_WhenStartingNotCapital_ShouldReturnFalse" classname="com.bridgelabz.UserRegistrationTest" time="0.0"/>
  <testcase name="givenLastName_whenValid_thenReturnTrue" classname="com.bridgelabz.UserRegistrationTest" time="0.001"/>
  <testcase name="givenLastName_WhenLessThanThreeChars_ShouldReturnFalse" classname="com.bridgelabz.UserRegistrationTest" time="0.0"/>
  <testcase name="givenMail_WithoutAtTHERate_ShouldReturnFalse" classname="com.bridgelabz.UserRegistrationTest" time="0.001"/>
  <testcase name="givenMobileNumber_WhenSmall_ShouldReturnFalse" classname="com.bridgelabz.UserRegistrationTest" time="0.0"/>
  <system-out><![CDATA[]]></system-out>
  <system-err><![CDATA[]]></system-err>
</testsuite>
