<?xml version="1.0" encoding="UTF-8"?>
<testsuite name="com.bridgelabz.UserRegistrationTest" tests="3" skipped="0" failures="0" errors="0" timestamp="2021-07-29T07:50:55" hostname="DESKTOP-1A5CKOQ" time="0.025">
  <properties/>
  <testcase name="givenFirstName_whenValid_thenReturnTrue" classname="com.bridgelabz.UserRegistrationTest" time="0.023"/>
  <testcase name="givenFirstName_WhenLessThanThreeChars_ShouldReturnFalse" classname="com.bridgelabz.UserRegistrationTest" time="0.0"/>
  <testcase name="givenFirstName_WhenStartingNotCapital_ShouldReturnFalse" classname="com.bridgelabz.UserRegistrationTest" time="0.0"/>
  <system-out><![CDATA[]]></system-out>
  <system-err><![CDATA[]]></system-err>
</testsuite>
