<?xml version="1.0" encoding="UTF-8"?>
<testsuite name="com.bridgelabz.UserRegistrationTest" tests="1" skipped="0" failures="0" errors="0" timestamp="2021-07-29T14:36:52" hostname="DESKTOP-1A5CKOQ" time="0.01">
  <properties/>
  <testcase name="givenPassword_WhenNot1NumericNumber_ShouldReturnFalse" classname="com.bridgelabz.UserRegistrationTest" time="0.01"/>
  <system-out><![CDATA[]]></system-out>
  <system-err><![CDATA[]]></system-err>
</testsuite>
