<?xml version="1.0" encoding="UTF-8"?>
<testsuite name="com.bridgelabz.UserRegistrationTest" tests="1" skipped="0" failures="0" errors="0" timestamp="2021-07-29T14:25:36" hostname="DESKTOP-1A5CKOQ" time="0.011">
  <properties/>
  <testcase name="givenPassword_WhenNotHavingMin8Chars_ShouldReturnFalse" classname="com.bridgelabz.UserRegistrationTest" time="0.011"/>
  <system-out><![CDATA[]]></system-out>
  <system-err><![CDATA[]]></system-err>
</testsuite>
